

Microchip Technology PIC18 LITE Macro Assembler V1.45 build -152302408 
                                                                                               Fri Apr 27 16:08:32 2018

Microchip Technology Omniscient Code Generator v1.45 (Free mode) build 201711160504
     1                           	processor	18F45K20
     2                           	fnconf	rparam,??,?,0
     3                           	opt	pw 120
     4                           	opt	lm
     5                           	psect	cinit,global,reloc=2,class=CODE,delta=1
     6                           	psect	bssCOMRAM,global,class=COMRAM,space=1,delta=1,noexec
     7                           	psect	cstackCOMRAM,global,class=COMRAM,space=1,delta=1,noexec
     8                           	psect	text0,global,reloc=2,class=CODE,delta=1
     9                           	psect	text1,global,reloc=2,class=CODE,delta=1
    10                           	psect	intsave_regs,global,class=BIGRAM,space=1,delta=1,noexec
    11                           	psect	rparam,global,class=COMRAM,space=1,delta=1,noexec
    12  0000                     
    13                           ; Version 1.45
    14                           ; Generated 16/11/2017 GMT
    15                           ; 
    16                           ; Copyright © 2017, Microchip Technology Inc. and its subsidiaries ("Microchip")
    17                           ; All rights reserved.
    18                           ; 
    19                           ; This software is developed by Microchip Technology Inc. and its subsidiaries ("Microch
      +                          ip").
    20                           ; 
    21                           ; Redistribution and use in source and binary forms, with or without modification, are
    22                           ; permitted provided that the following conditions are met:
    23                           ; 
    24                           ;     1. Redistributions of source code must retain the above copyright notice, this lis
      +                          t of
    25                           ;        conditions and the following disclaimer.
    26                           ; 
    27                           ;     2. Redistributions in binary form must reproduce the above copyright notice, this 
      +                          list
    28                           ;        of conditions and the following disclaimer in the documentation and/or other
    29                           ;        materials provided with the distribution.
    30                           ; 
    31                           ;     3. Microchip's name may not be used to endorse or promote products derived from th
      +                          is
    32                           ;        software without specific prior written permission.
    33                           ; 
    34                           ; THIS SOFTWARE IS PROVIDED BY MICROCHIP "AS IS" AND ANY EXPRESS OR IMPLIED WARRANTIES,
    35                           ; INCLUDING, BUT NOT LIMITED TO, THE IMPLIED WARRANTIES OF MERCHANTABILITY AND FITNESS F
      +                          OR
    36                           ; PURPOSE ARE DISCLAIMED.  IN NO EVENT SHALL MICROCHIP BE LIABLE FOR ANY DIRECT, INDIREC
      +                          T,
    37                           ; INCIDENTAL, SPECIAL, EXEMPLARY, OR CONSEQUENTIAL DAMAGES (INCLUDING BUT NOT LIMITED TO
    38                           ; PROCUREMENT OF SUBSTITUTE GOODS OR SERVICES; LOSS OF USE, DATA OR PROFITS; OR BUSINESS
    39                           ; INTERRUPTION) HOWSOEVER CAUSED AND ON ANY THEORY OF LIABILITY, WHETHER IN CONTRACT, ST
      +                          RICT
    40                           ; LIABILITY, OR TORT (INCLUDING NEGLIGENCE OR OTHERWISE) ARISING IN ANY WAY OUT OF THE U
      +                          SE OF
    41                           ; THIS SOFTWARE, EVEN IF ADVISED OF THE POSSIBILITY OF SUCH DAMAGE.
    42                           ; 
    43                           ; 
    44                           ; Code-generator required, PIC18F45K20 Definitions
    45                           ; 
    46                           ; SFR Addresses
    47  0000                     _TRISA	set	3986
    48  0000                     _LATA	set	3977
    49  0000                     _OSCTUNEbits	set	3995
    50  0000                     _OSCCONbits	set	4051
    51  0000                     _PORTA	set	3968
    52                           
    53                           ; #config settings
    54  0000                     
    55                           	psect	cinit
    56  007FAE                     __pcinit:
    57                           	opt stack 0
    58  007FAE                     start_initialization:
    59                           	opt stack 0
    60  007FAE                     __initialization:
    61                           	opt stack 0
    62                           
    63                           ; Clear objects allocated to COMRAM (1 bytes)
    64  007FAE  6A05               	clrf	__pbssCOMRAM& (0+255),c
    65  007FB0                     end_of_initialization:
    66                           	opt stack 0
    67  007FB0                     __end_of__initialization:
    68                           	opt stack 0
    69  007FB0  0100               	movlb	0
    70  007FB2  EFE5  F03F         	goto	_main	;jump to C main() function
    71                           
    72                           	psect	bssCOMRAM
    73  000005                     __pbssCOMRAM:
    74                           	opt stack 0
    75  000005                     _u8_Contador:
    76                           	opt stack 0
    77  000005                     	ds	1
    78                           
    79                           	psect	cstackCOMRAM
    80  000001                     __pcstackCOMRAM:
    81                           	opt stack 0
    82  000001                     ??_main:
    83                           
    84                           ; 1 bytes @ 0x0
    85  000001                     	ds	2
    86  000003                     main@u16_i:
    87                           	opt stack 0
    88                           
    89                           ; 2 bytes @ 0x2
    90  000003                     	ds	2
    91                           
    92 ;;
    93 ;;Main: autosize = 0, tempsize = 2, incstack = 0, save=0
    94 ;;
    95 ;; *************** function _main *****************
    96 ;; Defined at:
    97 ;;		line 45 in file "main.c"
    98 ;; Parameters:    Size  Location     Type
    99 ;;		None
   100 ;; Auto vars:     Size  Location     Type
   101 ;;  u16_i           2    2[COMRAM] unsigned int 
   102 ;; Return value:  Size  Location     Type
   103 ;;                  1    wreg      void 
   104 ;; Registers used:
   105 ;;		wreg, status,2, status,0, cstack
   106 ;; Tracked objects:
   107 ;;		On entry : 0/0
   108 ;;		On exit  : 0/0
   109 ;;		Unchanged: 0/0
   110 ;; Data sizes:     COMRAM   BANK0   BANK1   BANK2   BANK3   BANK4   BANK5
   111 ;;      Params:         0       0       0       0       0       0       0
   112 ;;      Locals:         2       0       0       0       0       0       0
   113 ;;      Temps:          2       0       0       0       0       0       0
   114 ;;      Totals:         4       0       0       0       0       0       0
   115 ;;Total ram usage:        4 bytes
   116 ;; Hardware stack levels required when called:    1
   117 ;; This function calls:
   118 ;;		_SetUp
   119 ;; This function is called by:
   120 ;;		Startup code after reset
   121 ;; This function uses a non-reentrant model
   122 ;;
   123                           
   124                           	psect	text0
   125  007FCA                     __ptext0:
   126                           	opt stack 0
   127  007FCA                     _main:
   128                           	opt stack 30
   129                           
   130                           ;main.c: 47: uint16_t u16_i;
   131                           ;main.c: 50: SetUp();
   132                           
   133                           ;incstack = 0
   134  007FCA  ECDB  F03F         	call	_SetUp	;wreg free
   135  007FCE                     
   136                           ;main.c: 54: {
   137                           ;main.c: 55: for(u16_i = 0; u16_i < 256; u16_i++)
   138  007FCE  0E00               	movlw	0
   139  007FD0  6E04               	movwf	main@u16_i+1,c
   140  007FD2  0E00               	movlw	0
   141  007FD4  6E03               	movwf	main@u16_i,c
   142  007FD6                     l661:
   143  007FD6  0404               	decf	main@u16_i+1,w,c
   144  007FD8  B0D8               	btfsc	status,0,c
   145  007FDA  D7F9               	goto	l21
   146                           
   147                           ;main.c: 56: {
   148                           ;main.c: 57: u8_Contador = (uint8_t)u16_i;
   149  007FDC  C003  F005         	movff	main@u16_i,_u8_Contador
   150                           
   151                           ;main.c: 59: PORTA = u8_Contador;
   152  007FE0  C005  FF80         	movff	_u8_Contador,3968	;volatile
   153                           
   154                           ;main.c: 60: _delay((unsigned long)((300)*(32000000/4000.0)));
   155  007FE4  0E0D               	movlw	13
   156  007FE6  6E02               	movwf	(??_main+1)& (0+255),c
   157  007FE8  0E2D               	movlw	45
   158  007FEA  6E01               	movwf	??_main& (0+255),c
   159  007FEC  0ED8               	movlw	216
   160  007FEE                     u37:
   161  007FEE  2EE8               	decfsz	wreg,f,c
   162  007FF0  D7FE               	bra	u37
   163  007FF2  2E01               	decfsz	??_main& (0+255),f,c
   164  007FF4  D7FC               	bra	u37
   165  007FF6  2E02               	decfsz	(??_main+1)& (0+255),f,c
   166  007FF8  D7FA               	bra	u37
   167  007FFA  4A03               	infsnz	main@u16_i,f,c
   168  007FFC  2A04               	incf	main@u16_i+1,f,c
   169  007FFE  D7EB               	goto	l661
   170  008000                     __end_of_main:
   171                           	opt stack 0
   172                           wreg	equ	0xFE8
   173                           status	equ	0xFD8
   174                           
   175 ;; *************** function _SetUp *****************
   176 ;; Defined at:
   177 ;;		line 73 in file "main.c"
   178 ;; Parameters:    Size  Location     Type
   179 ;;		None
   180 ;; Auto vars:     Size  Location     Type
   181 ;;		None
   182 ;; Return value:  Size  Location     Type
   183 ;;                  1    wreg      void 
   184 ;; Registers used:
   185 ;;		wreg, status,2
   186 ;; Tracked objects:
   187 ;;		On entry : 0/0
   188 ;;		On exit  : 0/0
   189 ;;		Unchanged: 0/0
   190 ;; Data sizes:     COMRAM   BANK0   BANK1   BANK2   BANK3   BANK4   BANK5
   191 ;;      Params:         0       0       0       0       0       0       0
   192 ;;      Locals:         0       0       0       0       0       0       0
   193 ;;      Temps:          0       0       0       0       0       0       0
   194 ;;      Totals:         0       0       0       0       0       0       0
   195 ;;Total ram usage:        0 bytes
   196 ;; Hardware stack levels used:    1
   197 ;; This function calls:
   198 ;;		Nothing
   199 ;; This function is called by:
   200 ;;		_main
   201 ;; This function uses a non-reentrant model
   202 ;;
   203                           
   204                           	psect	text1
   205  007FB6                     __ptext1:
   206                           	opt stack 0
   207  007FB6                     _SetUp:
   208                           	opt stack 30
   209                           
   210                           ;main.c: 78: OSCCONbits.IRCF = 0b110;
   211                           
   212                           ;incstack = 0
   213  007FB6  50D3               	movf	4051,w,c	;volatile
   214  007FB8  0B8F               	andlw	-113
   215  007FBA  0960               	iorlw	96
   216  007FBC  6ED3               	movwf	4051,c	;volatile
   217                           
   218                           ;main.c: 81: OSCTUNEbits.PLLEN = 1;
   219  007FBE  8C9B               	bsf	3995,6,c	;volatile
   220                           
   221                           ;main.c: 86: LATA = 0;
   222  007FC0  0E00               	movlw	0
   223  007FC2  6E89               	movwf	3977,c	;volatile
   224                           
   225                           ;main.c: 89: TRISA = 0x00;
   226  007FC4  0E00               	movlw	0
   227  007FC6  6E92               	movwf	3986,c	;volatile
   228  007FC8  0012               	return	
   229  007FCA                     __end_of_SetUp:
   230                           	opt stack 0
   231  0000                     wreg	equ	0xFE8
   232                           status	equ	0xFD8
   233                           wreg	equ	0xFE8
   234                           status	equ	0xFD8
   235                           
   236                           	psect	rparam
   237  0000                     wreg	equ	0xFE8
   238                           status	equ	0xFD8


Data Sizes:
    Strings     0
    Constant    0
    Data        0
    BSS         1
    Persistent  0
    Stack       0

Auto Spaces:
    Space          Size  Autos    Used
    COMRAM           95      4       5
    BANK0           160      0       0
    BANK1           256      0       0
    BANK2           256      0       0
    BANK3           256      0       0
    BANK4           256      0       0
    BANK5           256      0       0

Pointer List with Targets:

    None.

Critical Paths under _main in COMRAM

    None.

Critical Paths under _main in BANK0

    None.

Critical Paths under _main in BANK1

    None.

Critical Paths under _main in BANK2

    None.

Critical Paths under _main in BANK3

    None.

Critical Paths under _main in BANK4

    None.

Critical Paths under _main in BANK5

    None.

Call Graph Tables:

 ---------------------------------------------------------------------------------
 (Depth) Function   	        Calls       Base Space   Used Autos Params    Refs
 ---------------------------------------------------------------------------------
 (0) _main                                                 4     4      0      45
                                              0 COMRAM     4     4      0
                              _SetUp
 ---------------------------------------------------------------------------------
 (1) _SetUp                                                0     0      0       0
 ---------------------------------------------------------------------------------
 Estimated maximum stack depth 1
 ---------------------------------------------------------------------------------

 Call Graph Graphs:

 _main (ROOT)
   _SetUp

 Address spaces:
Name               Size   Autos  Total    Cost      Usage
BIGRAM             5FF      0       0      17        0.0%
EEDATA             100      0       0       0        0.0%
BITBANK5           100      0       0      16        0.0%
BANK5              100      0       0      14        0.0%
BITBANK4           100      0       0      12        0.0%
BANK4              100      0       0      13        0.0%
BITBANK3           100      0       0      10        0.0%
BANK3              100      0       0      11        0.0%
BITBANK2           100      0       0       8        0.0%
BANK2              100      0       0       9        0.0%
BITBANK1           100      0       0       6        0.0%
BANK1              100      0       0       7        0.0%
BITBANK0            A0      0       0       4        0.0%
BANK0               A0      0       0       5        0.0%
BITCOMRAM           5F      0       0       0        0.0%
COMRAM              5F      4       5       1        5.3%
BITSFR               0      0       0     200        0.0%
SFR                  0      0       0     200        0.0%
STACK                0      0       0       2        0.0%
NULL                 0      0       0       0        0.0%
ABS                  0      0       5      15        0.0%
DATA                 0      0       5       3        0.0%
CODE                 0      0       0       0        0.0%


Microchip Technology PIC18 Macro Assembler V1.45 build -152302408 
Symbol Table                                                                                   Fri Apr 27 16:08:32 2018

                     l21 7FCE                       u37 7FEE             __CFG_CP0$OFF 000000  
           __CFG_CP1$OFF 000000             __CFG_CP2$OFF 000000             __CFG_CP3$OFF 000000  
                    l661 7FD6             __CFG_CPB$OFF 000000             __CFG_CPD$OFF 000000  
           __CFG_BORV$18 000000                      wreg 000FE8             __CFG_LVP$OFF 000000  
                   _LATA 000F89             __CFG_PWRT$ON 000000                     _main 7FCA  
                   start 0000            __CFG_IESO$OFF 000000            __CFG_MCLRE$ON 000000  
           ___param_bank 000000                    ?_main 0001                    _PORTA 000F80  
                  _TRISA 000F92            __CFG_WRT0$OFF 000000            __CFG_WRT1$OFF 000000  
          __CFG_WRT2$OFF 000000            __CFG_WRT3$OFF 000000           __CFG_EBTR0$OFF 000000  
         __CFG_FCMEN$OFF 000000           __CFG_EBTR1$OFF 000000           __CFG_EBTR2$OFF 000000  
                  _SetUp 7FB6           __CFG_EBTR3$OFF 000000            __CFG_WRTB$OFF 000000  
          __CFG_WRTC$OFF 000000            __CFG_WRTD$OFF 000000           __CFG_EBTRB$OFF 000000  
                  status 000FD8           __CFG_HFOFST$ON 000000          __initialization 7FAE  
           __end_of_main 8000                   ??_main 0001            __activetblptr 000000  
                 ?_SetUp 0001           __CFG_WDTEN$OFF 000000           __CFG_XINST$OFF 000000  
         __CFG_STVREN$ON 000000               __accesstop 0060  __end_of__initialization 7FB0  
        __CFG_PBADEN$OFF 000000            ___rparam_used 000001           __pcstackCOMRAM 0001  
          __end_of_SetUp 7FCA                  ??_SetUp 0001                  __Hparam 0000  
                __Lparam 0000                  __pcinit 7FAE                  __ramtop 0600  
                __ptext0 7FCA                  __ptext1 7FB6     end_of_initialization 7FB0  
            _u8_Contador 0005      start_initialization 7FAE         __CFG_LPT1OSC$OFF 000000  
            __pbssCOMRAM 0005        __CFG_CCP2MX$PORTC 000000           __size_of_SetUp 0014  
       __CFG_WDTPS$32768 000000                main@u16_i 0003                 __Hrparam 0000  
               __Lrparam 0000       __CFG_BOREN$SBORDIS 000000            __size_of_main 0036  
            _OSCTUNEbits 000F9B               _OSCCONbits 000FD3        __CFG_FOSC$INTIO67 000000  
