

Microchip Technology PIC18 LITE Macro Assembler V1.45 build -152302408 
                                                                                               Thu Mar 15 13:15:33 2018

Microchip Technology Omniscient Code Generator v1.45 (Free mode) build 201711160504
     1                           	processor	18F45K20
     2                           	fnconf	rparam,??,?,0
     3                           	opt	pw 120
     4                           	opt	lm
     5                           	psect	cinit,global,reloc=2,class=CODE,delta=1
     6                           	psect	cstackCOMRAM,global,class=COMRAM,space=1,delta=1,noexec
     7                           	psect	text0,global,reloc=2,class=CODE,delta=1
     8                           	psect	text1,global,reloc=2,class=CODE,delta=1
     9                           	psect	intsave_regs,global,class=BIGRAM,space=1,delta=1,noexec
    10                           	psect	rparam,global,class=COMRAM,space=1,delta=1,noexec
    11  0000                     
    12                           ; Version 1.45
    13                           ; Generated 16/11/2017 GMT
    14                           ; 
    15                           ; Copyright © 2017, Microchip Technology Inc. and its subsidiaries ("Microchip")
    16                           ; All rights reserved.
    17                           ; 
    18                           ; This software is developed by Microchip Technology Inc. and its subsidiaries ("Microch
      +                          ip").
    19                           ; 
    20                           ; Redistribution and use in source and binary forms, with or without modification, are
    21                           ; permitted provided that the following conditions are met:
    22                           ; 
    23                           ;     1. Redistributions of source code must retain the above copyright notice, this lis
      +                          t of
    24                           ;        conditions and the following disclaimer.
    25                           ; 
    26                           ;     2. Redistributions in binary form must reproduce the above copyright notice, this 
      +                          list
    27                           ;        of conditions and the following disclaimer in the documentation and/or other
    28                           ;        materials provided with the distribution.
    29                           ; 
    30                           ;     3. Microchip's name may not be used to endorse or promote products derived from th
      +                          is
    31                           ;        software without specific prior written permission.
    32                           ; 
    33                           ; THIS SOFTWARE IS PROVIDED BY MICROCHIP "AS IS" AND ANY EXPRESS OR IMPLIED WARRANTIES,
    34                           ; INCLUDING, BUT NOT LIMITED TO, THE IMPLIED WARRANTIES OF MERCHANTABILITY AND FITNESS F
      +                          OR
    35                           ; PURPOSE ARE DISCLAIMED.  IN NO EVENT SHALL MICROCHIP BE LIABLE FOR ANY DIRECT, INDIREC
      +                          T,
    36                           ; INCIDENTAL, SPECIAL, EXEMPLARY, OR CONSEQUENTIAL DAMAGES (INCLUDING BUT NOT LIMITED TO
    37                           ; PROCUREMENT OF SUBSTITUTE GOODS OR SERVICES; LOSS OF USE, DATA OR PROFITS; OR BUSINESS
    38                           ; INTERRUPTION) HOWSOEVER CAUSED AND ON ANY THEORY OF LIABILITY, WHETHER IN CONTRACT, ST
      +                          RICT
    39                           ; LIABILITY, OR TORT (INCLUDING NEGLIGENCE OR OTHERWISE) ARISING IN ANY WAY OUT OF THE U
      +                          SE OF
    40                           ; THIS SOFTWARE, EVEN IF ADVISED OF THE POSSIBILITY OF SUCH DAMAGE.
    41                           ; 
    42                           ; 
    43                           ; Code-generator required, PIC18F45K20 Definitions
    44                           ; 
    45                           ; SFR Addresses
    46  0000                     _SSPSTATbits	set	4039
    47  0000                     _SSPBUF	set	4041
    48  0000                     _PORTB	set	3969
    49  0000                     _SSPCON1	set	4038
    50  0000                     _SSPSTAT	set	4039
    51  0000                     _ANSELH	set	3967
    52  0000                     _ANSELHbits	set	3967
    53  0000                     _TRISCbits	set	3988
    54  0000                     _OSCCONbits	set	4051
    55                           
    56                           ; #config settings
    57                           
    58                           	psect	cinit
    59  007FC4                     __pcinit:
    60                           	opt stack 0
    61  007FC4                     start_initialization:
    62                           	opt stack 0
    63  007FC4                     __initialization:
    64                           	opt stack 0
    65  007FC4                     end_of_initialization:
    66                           	opt stack 0
    67  007FC4                     __end_of__initialization:
    68                           	opt stack 0
    69  007FC4  0100               	movlb	0
    70  007FC6  EFEB  F03F         	goto	_main	;jump to C main() function
    71                           
    72                           	psect	cstackCOMRAM
    73  000001                     __pcstackCOMRAM:
    74                           	opt stack 0
    75  000001                     SPI_out@SPI_data:
    76                           	opt stack 0
    77                           
    78                           ; 1 bytes @ 0x0
    79  000001                     	ds	1
    80  000002                     main@output:
    81                           	opt stack 0
    82                           
    83                           ; 1 bytes @ 0x1
    84  000002                     	ds	1
    85                           
    86 ;;
    87 ;;Main: autosize = 0, tempsize = 0, incstack = 0, save=0
    88 ;;
    89 ;; *************** function _main *****************
    90 ;; Defined at:
    91 ;;		line 14 in file "main.c"
    92 ;; Parameters:    Size  Location     Type
    93 ;;		None
    94 ;; Auto vars:     Size  Location     Type
    95 ;;  output          1    1[COMRAM] unsigned char 
    96 ;; Return value:  Size  Location     Type
    97 ;;                  1    wreg      void 
    98 ;; Registers used:
    99 ;;		wreg, status,2, status,0, cstack
   100 ;; Tracked objects:
   101 ;;		On entry : 0/0
   102 ;;		On exit  : 0/0
   103 ;;		Unchanged: 0/0
   104 ;; Data sizes:     COMRAM   BANK0   BANK1   BANK2   BANK3   BANK4   BANK5
   105 ;;      Params:         0       0       0       0       0       0       0
   106 ;;      Locals:         1       0       0       0       0       0       0
   107 ;;      Temps:          0       0       0       0       0       0       0
   108 ;;      Totals:         1       0       0       0       0       0       0
   109 ;;Total ram usage:        1 bytes
   110 ;; Hardware stack levels required when called:    1
   111 ;; This function calls:
   112 ;;		_SPI_out
   113 ;; This function is called by:
   114 ;;		Startup code after reset
   115 ;; This function uses a non-reentrant model
   116 ;;
   117                           
   118                           	psect	text0
   119  007FD6                     __ptext0:
   120                           	opt stack 0
   121  007FD6                     _main:
   122                           	opt stack 30
   123                           
   124                           ;main.c: 16: unsigned char output;
   125                           ;main.c: 18: OSCCONbits.IRCF = 0b111;
   126                           
   127                           ;incstack = 0
   128  007FD6  88D3               	bsf	4051,4,c	;volatile
   129  007FD8  8AD3               	bsf	4051,5,c	;volatile
   130  007FDA  8CD3               	bsf	4051,6,c	;volatile
   131                           
   132                           ;main.c: 20: TRISCbits.TRISC5 = 0;
   133  007FDC  9A94               	bcf	3988,5,c	;volatile
   134                           
   135                           ;main.c: 21: TRISCbits.TRISC3 =0;
   136  007FDE  9694               	bcf	3988,3,c	;volatile
   137                           
   138                           ;main.c: 23: ANSELHbits.ANS12 = 0;
   139  007FE0  987F               	bcf	3967,4,c	;volatile
   140                           
   141                           ;main.c: 24: ANSELHbits.ANS10 = 0;
   142  007FE2  947F               	bcf	3967,2,c	;volatile
   143                           
   144                           ;main.c: 25: ANSELHbits.ANS8 = 0;
   145  007FE4  907F               	bcf	3967,0,c	;volatile
   146                           
   147                           ;main.c: 26: ANSELHbits.ANS9 = 0;
   148  007FE6  927F               	bcf	3967,1,c	;volatile
   149                           
   150                           ;main.c: 28: ANSELH |= (0b11101000);
   151  007FE8  0EE8               	movlw	232
   152  007FEA  127F               	iorwf	3967,f,c	;volatile
   153                           
   154                           ;main.c: 30: SSPSTAT= 0x40;
   155  007FEC  0E40               	movlw	64
   156  007FEE  6EC7               	movwf	4039,c	;volatile
   157                           
   158                           ;main.c: 33: SSPCON1 = 0x20;
   159  007FF0  0E20               	movlw	32
   160  007FF2  6EC6               	movwf	4038,c	;volatile
   161  007FF4                     
   162                           ;main.c: 43: {
   163                           ;main.c: 44: output = PORTB;
   164  007FF4  CF81 F002          	movff	3969,main@output	;volatile
   165                           
   166                           ;main.c: 45: SPI_out(output);
   167  007FF8  5002               	movf	main@output,w,c
   168  007FFA  ECE5  F03F         	call	_SPI_out
   169  007FFE  D7FA               	goto	l25
   170  008000                     __end_of_main:
   171                           	opt stack 0
   172                           
   173 ;; *************** function _SPI_out *****************
   174 ;; Defined at:
   175 ;;		line 49 in file "main.c"
   176 ;; Parameters:    Size  Location     Type
   177 ;;  SPI_data        1    wreg     unsigned char 
   178 ;; Auto vars:     Size  Location     Type
   179 ;;  SPI_data        1    0[COMRAM] unsigned char 
   180 ;; Return value:  Size  Location     Type
   181 ;;                  1    wreg      void 
   182 ;; Registers used:
   183 ;;		wreg
   184 ;; Tracked objects:
   185 ;;		On entry : 0/0
   186 ;;		On exit  : 0/0
   187 ;;		Unchanged: 0/0
   188 ;; Data sizes:     COMRAM   BANK0   BANK1   BANK2   BANK3   BANK4   BANK5
   189 ;;      Params:         0       0       0       0       0       0       0
   190 ;;      Locals:         1       0       0       0       0       0       0
   191 ;;      Temps:          0       0       0       0       0       0       0
   192 ;;      Totals:         1       0       0       0       0       0       0
   193 ;;Total ram usage:        1 bytes
   194 ;; Hardware stack levels used:    1
   195 ;; This function calls:
   196 ;;		Nothing
   197 ;; This function is called by:
   198 ;;		_main
   199 ;; This function uses a non-reentrant model
   200 ;;
   201                           
   202                           	psect	text1
   203  007FCA                     __ptext1:
   204                           	opt stack 0
   205  007FCA                     _SPI_out:
   206                           	opt stack 30
   207                           
   208                           ;incstack = 0
   209                           ;SPI_out@SPI_data stored from wreg
   210  007FCA  6E01               	movwf	SPI_out@SPI_data,c
   211                           
   212                           ;main.c: 51: SSPBUF = SPI_data;
   213  007FCC  C001  FFC9         	movff	SPI_out@SPI_data,4041	;volatile
   214  007FD0  B0C7               	btfsc	4039,0,c	;volatile
   215  007FD2  0012               	return	
   216  007FD4  D7FD               	goto	l32
   217  007FD6                     __end_of_SPI_out:
   218                           	opt stack 0
   219  0000                     
   220                           	psect	rparam


Data Sizes:
    Strings     0
    Constant    0
    Data        0
    BSS         0
    Persistent  0
    Stack       0

Auto Spaces:
    Space          Size  Autos    Used
    COMRAM           95      2       2
    BANK0           160      0       0
    BANK1           256      0       0
    BANK2           256      0       0
    BANK3           256      0       0
    BANK4           256      0       0
    BANK5           256      0       0

Pointer List with Targets:

    None.

Critical Paths under _main in COMRAM

    _main->_SPI_out

Critical Paths under _main in BANK0

    None.

Critical Paths under _main in BANK1

    None.

Critical Paths under _main in BANK2

    None.

Critical Paths under _main in BANK3

    None.

Critical Paths under _main in BANK4

    None.

Critical Paths under _main in BANK5

    None.

Call Graph Tables:

 ---------------------------------------------------------------------------------
 (Depth) Function   	        Calls       Base Space   Used Autos Params    Refs
 ---------------------------------------------------------------------------------
 (0) _main                                                 1     1      0      30
                                              1 COMRAM     1     1      0
                            _SPI_out
 ---------------------------------------------------------------------------------
 (1) _SPI_out                                              1     1      0      15
                                              0 COMRAM     1     1      0
 ---------------------------------------------------------------------------------
 Estimated maximum stack depth 1
 ---------------------------------------------------------------------------------

 Call Graph Graphs:

 _main (ROOT)
   _SPI_out

 Address spaces:
Name               Size   Autos  Total    Cost      Usage
BITCOMRAM           5F      0       0       0        0.0%
EEDATA             100      0       0       0        0.0%
NULL                 0      0       0       0        0.0%
CODE                 0      0       0       0        0.0%
COMRAM              5F      2       2       1        2.1%
STACK                0      0       0       2        0.0%
DATA                 0      0       0       3        0.0%
BITBANK0            A0      0       0       4        0.0%
BANK0               A0      0       0       5        0.0%
BITBANK1           100      0       0       6        0.0%
BANK1              100      0       0       7        0.0%
BITBANK2           100      0       0       8        0.0%
BANK2              100      0       0       9        0.0%
BITBANK3           100      0       0      10        0.0%
BANK3              100      0       0      11        0.0%
BITBANK4           100      0       0      12        0.0%
BANK4              100      0       0      13        0.0%
BANK5              100      0       0      14        0.0%
ABS                  0      0       0      15        0.0%
BITBANK5           100      0       0      16        0.0%
BIGRAM             5FF      0       0      17        0.0%
BITSFR               0      0       0     200        0.0%
SFR                  0      0       0     200        0.0%


Microchip Technology PIC18 Macro Assembler V1.45 build -152302408 
Symbol Table                                                                                   Thu Mar 15 13:15:33 2018

            _SSPSTATbits 000FC7                       l32 7FD0                       l25 7FF4  
                   _main 7FD6          __end_of_SPI_out 7FD6                     start 0000  
           ___param_bank 000000                    ?_main 0001                    _PORTB 000F81  
        __initialization 7FC4             __end_of_main 8000                   ??_main 0002  
          __activetblptr 000000                   _ANSELH 000F7F                ??_SPI_out 0001  
                 _SSPBUF 000FC9               __accesstop 0060  __end_of__initialization 7FC4  
          ___rparam_used 000001           __pcstackCOMRAM 0001          SPI_out@SPI_data 0001  
                _SSPCON1 000FC6                  _SSPSTAT 000FC7                  _SPI_out 7FCA  
                __Hparam 0000                  __Lparam 0000                  __pcinit 7FC4  
                __ramtop 0600                  __ptext0 7FD6                  __ptext1 7FCA  
   end_of_initialization 7FC4                _TRISCbits 000F94               main@output 0002  
    start_initialization 7FC4                 ?_SPI_out 0001         __size_of_SPI_out 000C  
               __Hrparam 0000                 __Lrparam 0000               _ANSELHbits 000F7F  
          __size_of_main 002A               _OSCCONbits 000FD3  
