

Microchip Technology PIC18 LITE Macro Assembler V1.45 build -152302408 
                                                                                               Fri Apr 27 16:08:13 2018

Microchip Technology Omniscient Code Generator v1.45 (Free mode) build 201711160504
     1                           	processor	18F45K20
     2                           	fnconf	rparam,??,?,0
     3                           	opt	pw 120
     4                           	opt	lm
     5                           	psect	bitnvCOMRAM,global,bit,class=COMRAM,space=1,delta=1,noexec
     6                           	psect	cinit,global,reloc=2,class=CODE,delta=1
     7                           	psect	cstackCOMRAM,global,class=COMRAM,space=1,delta=1,noexec
     8                           	psect	text0,global,reloc=2,class=CODE,delta=1
     9                           	psect	text1,global,reloc=2,class=CODE,delta=1
    10                           	psect	intsave_regs,global,class=BIGRAM,space=1,delta=1,noexec
    11                           	psect	rparam,global,class=COMRAM,space=1,delta=1,noexec
    12  0000                     
    13                           ; Version 1.45
    14                           ; Generated 16/11/2017 GMT
    15                           ; 
    16                           ; Copyright © 2017, Microchip Technology Inc. and its subsidiaries ("Microchip")
    17                           ; All rights reserved.
    18                           ; 
    19                           ; This software is developed by Microchip Technology Inc. and its subsidiaries ("Microch
      +                          ip").
    20                           ; 
    21                           ; Redistribution and use in source and binary forms, with or without modification, are
    22                           ; permitted provided that the following conditions are met:
    23                           ; 
    24                           ;     1. Redistributions of source code must retain the above copyright notice, this lis
      +                          t of
    25                           ;        conditions and the following disclaimer.
    26                           ; 
    27                           ;     2. Redistributions in binary form must reproduce the above copyright notice, this 
      +                          list
    28                           ;        of conditions and the following disclaimer in the documentation and/or other
    29                           ;        materials provided with the distribution.
    30                           ; 
    31                           ;     3. Microchip's name may not be used to endorse or promote products derived from th
      +                          is
    32                           ;        software without specific prior written permission.
    33                           ; 
    34                           ; THIS SOFTWARE IS PROVIDED BY MICROCHIP "AS IS" AND ANY EXPRESS OR IMPLIED WARRANTIES,
    35                           ; INCLUDING, BUT NOT LIMITED TO, THE IMPLIED WARRANTIES OF MERCHANTABILITY AND FITNESS F
      +                          OR
    36                           ; PURPOSE ARE DISCLAIMED.  IN NO EVENT SHALL MICROCHIP BE LIABLE FOR ANY DIRECT, INDIREC
      +                          T,
    37                           ; INCIDENTAL, SPECIAL, EXEMPLARY, OR CONSEQUENTIAL DAMAGES (INCLUDING BUT NOT LIMITED TO
    38                           ; PROCUREMENT OF SUBSTITUTE GOODS OR SERVICES; LOSS OF USE, DATA OR PROFITS; OR BUSINESS
    39                           ; INTERRUPTION) HOWSOEVER CAUSED AND ON ANY THEORY OF LIABILITY, WHETHER IN CONTRACT, ST
      +                          RICT
    40                           ; LIABILITY, OR TORT (INCLUDING NEGLIGENCE OR OTHERWISE) ARISING IN ANY WAY OUT OF THE U
      +                          SE OF
    41                           ; THIS SOFTWARE, EVEN IF ADVISED OF THE POSSIBILITY OF SUCH DAMAGE.
    42                           ; 
    43                           ; 
    44                           ; Code-generator required, PIC18F45K20 Definitions
    45                           ; 
    46                           ; SFR Addresses
    47  0000                     
    48                           	psect	bitnvCOMRAM
    49  000018                     __pbitnvCOMRAM:
    50                           	opt stack 0
    51  000018                     _LED:
    52                           	opt stack 0
    53  000018                     	ds	1
    54  0000                     _TRISEbits	set	3990
    55  0000                     _LATE	set	3981
    56  0000                     _OSCCONbits	set	4051
    57  0000                     _PORTEbits	set	3972
    58                           
    59                           ; #config settings
    60  0000                     
    61                           	psect	cinit
    62  007FB8                     __pcinit:
    63                           	opt stack 0
    64  007FB8                     start_initialization:
    65                           	opt stack 0
    66  007FB8                     __initialization:
    67                           	opt stack 0
    68  007FB8                     end_of_initialization:
    69                           	opt stack 0
    70  007FB8                     __end_of__initialization:
    71                           	opt stack 0
    72  007FB8  0100               	movlb	0
    73  007FBA  EFE6  F03F         	goto	_main	;jump to C main() function
    74                           
    75                           	psect	cstackCOMRAM
    76  000001                     __pcstackCOMRAM:
    77                           	opt stack 0
    78  000001                     ??_main:
    79                           
    80                           ; 1 bytes @ 0x0
    81  000001                     	ds	2
    82                           
    83 ;;
    84 ;;Main: autosize = 0, tempsize = 2, incstack = 0, save=0
    85 ;;
    86 ;; *************** function _main *****************
    87 ;; Defined at:
    88 ;;		line 45 in file "main.c"
    89 ;; Parameters:    Size  Location     Type
    90 ;;		None
    91 ;; Auto vars:     Size  Location     Type
    92 ;;		None
    93 ;; Return value:  Size  Location     Type
    94 ;;                  1    wreg      void 
    95 ;; Registers used:
    96 ;;		wreg, status,2, cstack
    97 ;; Tracked objects:
    98 ;;		On entry : 0/0
    99 ;;		On exit  : 0/0
   100 ;;		Unchanged: 0/0
   101 ;; Data sizes:     COMRAM   BANK0   BANK1   BANK2   BANK3   BANK4   BANK5
   102 ;;      Params:         0       0       0       0       0       0       0
   103 ;;      Locals:         0       0       0       0       0       0       0
   104 ;;      Temps:          2       0       0       0       0       0       0
   105 ;;      Totals:         2       0       0       0       0       0       0
   106 ;;Total ram usage:        2 bytes
   107 ;; Hardware stack levels required when called:    1
   108 ;; This function calls:
   109 ;;		_SetUp
   110 ;; This function is called by:
   111 ;;		Startup code after reset
   112 ;; This function uses a non-reentrant model
   113 ;;
   114                           
   115                           	psect	text0
   116  007FCC                     __ptext0:
   117                           	opt stack 0
   118  007FCC                     _main:
   119                           	opt stack 30
   120                           
   121                           ;main.c: 48: SetUp();
   122                           
   123                           ;incstack = 0
   124  007FCC  ECDF  F03F         	call	_SetUp	;wreg free
   125  007FD0                     
   126                           ;main.c: 52: {
   127                           ;main.c: 53: LED = !LED;
   128  007FD0  B003               	btfsc	_LED/(0+8),_LED& (0+7),c
   129  007FD2  D002               	goto	u10
   130  007FD4  8003               	bsf	_LED/(0+8),_LED& (0+7),c
   131  007FD6  D001               	goto	u25
   132  007FD8                     u10:
   133  007FD8  9003               	bcf	_LED/(0+8),_LED& (0+7),c
   134  007FDA                     u25:
   135                           
   136                           ;main.c: 54: PORTEbits.RE0 = LED;
   137  007FDA  A003               	btfss	_LED/(0+8),_LED& (0+7),c
   138  007FDC  D002               	bra	u35
   139  007FDE  8084               	bsf	3972,0,c	;volatile
   140  007FE0  D001               	bra	u37
   141  007FE2                     u35:
   142  007FE2  9084               	bcf	3972,0,c	;volatile
   143  007FE4                     u37:
   144                           
   145                           ;main.c: 55: _delay((unsigned long)((1000)*(16000000/4000.0)));
   146  007FE4  0E15               	movlw	21
   147  007FE6  6E02               	movwf	(??_main+1)& (0+255),c
   148  007FE8  0E4B               	movlw	75
   149  007FEA  6E01               	movwf	??_main& (0+255),c
   150  007FEC  0EBE               	movlw	190
   151  007FEE                     u47:
   152  007FEE  2EE8               	decfsz	wreg,f,c
   153  007FF0  D7FE               	bra	u47
   154  007FF2  2E01               	decfsz	??_main& (0+255),f,c
   155  007FF4  D7FC               	bra	u47
   156  007FF6  2E02               	decfsz	(??_main+1)& (0+255),f,c
   157  007FF8  D7FA               	bra	u47
   158  007FFA  F000 F000          	nop2	
   159  007FFE  D7E8               	goto	l19
   160  008000                     __end_of_main:
   161                           	opt stack 0
   162                           wreg	equ	0xFE8
   163                           
   164 ;; *************** function _SetUp *****************
   165 ;; Defined at:
   166 ;;		line 67 in file "main.c"
   167 ;; Parameters:    Size  Location     Type
   168 ;;		None
   169 ;; Auto vars:     Size  Location     Type
   170 ;;		None
   171 ;; Return value:  Size  Location     Type
   172 ;;                  1    wreg      void 
   173 ;; Registers used:
   174 ;;		wreg, status,2
   175 ;; Tracked objects:
   176 ;;		On entry : 0/0
   177 ;;		On exit  : 0/0
   178 ;;		Unchanged: 0/0
   179 ;; Data sizes:     COMRAM   BANK0   BANK1   BANK2   BANK3   BANK4   BANK5
   180 ;;      Params:         0       0       0       0       0       0       0
   181 ;;      Locals:         0       0       0       0       0       0       0
   182 ;;      Temps:          0       0       0       0       0       0       0
   183 ;;      Totals:         0       0       0       0       0       0       0
   184 ;;Total ram usage:        0 bytes
   185 ;; Hardware stack levels used:    1
   186 ;; This function calls:
   187 ;;		Nothing
   188 ;; This function is called by:
   189 ;;		_main
   190 ;; This function uses a non-reentrant model
   191 ;;
   192                           
   193                           	psect	text1
   194  007FBE                     __ptext1:
   195                           	opt stack 0
   196  007FBE                     _SetUp:
   197                           	opt stack 30
   198                           
   199                           ;main.c: 72: OSCCONbits.IRCF = 0b111;
   200                           
   201                           ;incstack = 0
   202  007FBE  88D3               	bsf	4051,4,c	;volatile
   203  007FC0  8AD3               	bsf	4051,5,c	;volatile
   204  007FC2  8CD3               	bsf	4051,6,c	;volatile
   205                           
   206                           ;main.c: 77: LATE = 0;
   207  007FC4  0E00               	movlw	0
   208  007FC6  6E8D               	movwf	3981,c	;volatile
   209                           
   210                           ;main.c: 80: TRISEbits.TRISE0 = 0;
   211  007FC8  9096               	bcf	3990,0,c	;volatile
   212  007FCA  0012               	return	
   213  007FCC                     __end_of_SetUp:
   214                           	opt stack 0
   215  0000                     wreg	equ	0xFE8
   216                           wreg	equ	0xFE8
   217                           
   218                           	psect	rparam
   219  0000                     wreg	equ	0xFE8


Data Sizes:
    Strings     0
    Constant    0
    Data        0
    BSS         0
    Persistent  0
    Stack       0

Auto Spaces:
    Space          Size  Autos    Used
    COMRAM           95      2       3
    BANK0           160      0       0
    BANK1           256      0       0
    BANK2           256      0       0
    BANK3           256      0       0
    BANK4           256      0       0
    BANK5           256      0       0

Pointer List with Targets:

    None.

Critical Paths under _main in COMRAM

    None.

Critical Paths under _main in BANK0

    None.

Critical Paths under _main in BANK1

    None.

Critical Paths under _main in BANK2

    None.

Critical Paths under _main in BANK3

    None.

Critical Paths under _main in BANK4

    None.

Critical Paths under _main in BANK5

    None.

Call Graph Tables:

 ---------------------------------------------------------------------------------
 (Depth) Function   	        Calls       Base Space   Used Autos Params    Refs
 ---------------------------------------------------------------------------------
 (0) _main                                                 2     2      0       0
                                              0 COMRAM     2     2      0
                              _SetUp
 ---------------------------------------------------------------------------------
 (1) _SetUp                                                0     0      0       0
 ---------------------------------------------------------------------------------
 Estimated maximum stack depth 1
 ---------------------------------------------------------------------------------

 Call Graph Graphs:

 _main (ROOT)
   _SetUp

 Address spaces:
Name               Size   Autos  Total    Cost      Usage
BITCOMRAM           5F      0       1       0        1.1%
EEDATA             100      0       0       0        0.0%
NULL                 0      0       0       0        0.0%
CODE                 0      0       0       0        0.0%
COMRAM              5F      2       3       1        3.2%
STACK                0      0       0       2        0.0%
DATA                 0      0       3       3        0.0%
BITBANK0            A0      0       0       4        0.0%
BANK0               A0      0       0       5        0.0%
BITBANK1           100      0       0       6        0.0%
BANK1              100      0       0       7        0.0%
BITBANK2           100      0       0       8        0.0%
BANK2              100      0       0       9        0.0%
BITBANK3           100      0       0      10        0.0%
BANK3              100      0       0      11        0.0%
BITBANK4           100      0       0      12        0.0%
BANK4              100      0       0      13        0.0%
BANK5              100      0       0      14        0.0%
ABS                  0      0       3      15        0.0%
BITBANK5           100      0       0      16        0.0%
BIGRAM             5FF      0       0      17        0.0%
BITSFR               0      0       0     200        0.0%
SFR                  0      0       0     200        0.0%


Microchip Technology PIC18 Macro Assembler V1.45 build -152302408 
Symbol Table                                                                                   Fri Apr 27 16:08:13 2018

                     l19 7FD0                       u10 7FD8                       u25 7FDA  
                     u35 7FE2                       u37 7FE4                       u47 7FEE  
           __CFG_CP0$OFF 000000             __CFG_CP1$OFF 000000             __CFG_CP2$OFF 000000  
           __CFG_CP3$OFF 000000             __CFG_CPB$OFF 000000                      _LED 0018  
           __CFG_CPD$OFF 000000             __CFG_BORV$18 000000                      wreg 000FE8  
           __CFG_LVP$OFF 000000                     _LATE 000F8D             __CFG_PWRT$ON 000000  
                   _main 7FCC                     start 0000            __CFG_IESO$OFF 000000  
          __CFG_MCLRE$ON 000000             ___param_bank 000000                    ?_main 0001  
          __CFG_WRT0$OFF 000000            __CFG_WRT1$OFF 000000            __CFG_WRT2$OFF 000000  
          __CFG_WRT3$OFF 000000           __CFG_EBTR0$OFF 000000           __CFG_FCMEN$OFF 000000  
         __CFG_EBTR1$OFF 000000           __CFG_EBTR2$OFF 000000                    _SetUp 7FBE  
         __CFG_EBTR3$OFF 000000            __CFG_WRTB$OFF 000000            __CFG_WRTC$OFF 000000  
          __CFG_WRTD$OFF 000000           __CFG_EBTRB$OFF 000000           __CFG_HFOFST$ON 000000  
        __initialization 7FB8             __end_of_main 8000                   ??_main 0001  
          __activetblptr 000000                   ?_SetUp 0001           __CFG_WDTEN$OFF 000000  
         __CFG_XINST$OFF 000000           __CFG_STVREN$ON 000000               __accesstop 0060  
__end_of__initialization 7FB8          __CFG_PBADEN$OFF 000000            ___rparam_used 000001  
         __pcstackCOMRAM 0001            __end_of_SetUp 7FCC                  ??_SetUp 0001  
                __Hparam 0000                  __Lparam 0000                  __pcinit 7FB8  
                __ramtop 0600                  __ptext0 7FCC                  __ptext1 7FBE  
   end_of_initialization 7FB8                _PORTEbits 000F84                _TRISEbits 000F96  
          __pbitnvCOMRAM 0018      start_initialization 7FB8         __CFG_LPT1OSC$OFF 000000  
      __CFG_CCP2MX$PORTC 000000           __size_of_SetUp 000E         __CFG_WDTPS$32768 000000  
               __Hrparam 0000                 __Lrparam 0000       __CFG_BOREN$SBORDIS 000000  
          __size_of_main 0034               _OSCCONbits 000FD3        __CFG_FOSC$INTIO67 000000  
