

Microchip Technology PIC18 LITE Macro Assembler V1.45 build -152302408 
                                                                                               Mon Apr 09 10:50:34 2018

Microchip Technology Omniscient Code Generator v1.45 (Free mode) build 201711160504
     1                           	processor	18F45K20
     2                           	fnconf	rparam,??,?,0
     3                           	opt	pw 120
     4                           	opt	lm
     5                           	psect	cinit,global,reloc=2,class=CODE,delta=1
     6                           	psect	cstackCOMRAM,global,class=COMRAM,space=1,delta=1,noexec
     7                           	psect	text0,global,reloc=2,class=CODE,delta=1
     8                           	psect	text1,global,reloc=2,class=CODE,delta=1
     9                           	psect	intsave_regs,global,class=BIGRAM,space=1,delta=1,noexec
    10                           	psect	rparam,global,class=COMRAM,space=1,delta=1,noexec
    11  0000                     
    12                           ; Version 1.45
    13                           ; Generated 16/11/2017 GMT
    14                           ; 
    15                           ; Copyright © 2017, Microchip Technology Inc. and its subsidiaries ("Microchip")
    16                           ; All rights reserved.
    17                           ; 
    18                           ; This software is developed by Microchip Technology Inc. and its subsidiaries ("Microch
      +                          ip").
    19                           ; 
    20                           ; Redistribution and use in source and binary forms, with or without modification, are
    21                           ; permitted provided that the following conditions are met:
    22                           ; 
    23                           ;     1. Redistributions of source code must retain the above copyright notice, this lis
      +                          t of
    24                           ;        conditions and the following disclaimer.
    25                           ; 
    26                           ;     2. Redistributions in binary form must reproduce the above copyright notice, this 
      +                          list
    27                           ;        of conditions and the following disclaimer in the documentation and/or other
    28                           ;        materials provided with the distribution.
    29                           ; 
    30                           ;     3. Microchip's name may not be used to endorse or promote products derived from th
      +                          is
    31                           ;        software without specific prior written permission.
    32                           ; 
    33                           ; THIS SOFTWARE IS PROVIDED BY MICROCHIP "AS IS" AND ANY EXPRESS OR IMPLIED WARRANTIES,
    34                           ; INCLUDING, BUT NOT LIMITED TO, THE IMPLIED WARRANTIES OF MERCHANTABILITY AND FITNESS F
      +                          OR
    35                           ; PURPOSE ARE DISCLAIMED.  IN NO EVENT SHALL MICROCHIP BE LIABLE FOR ANY DIRECT, INDIREC
      +                          T,
    36                           ; INCIDENTAL, SPECIAL, EXEMPLARY, OR CONSEQUENTIAL DAMAGES (INCLUDING BUT NOT LIMITED TO
    37                           ; PROCUREMENT OF SUBSTITUTE GOODS OR SERVICES; LOSS OF USE, DATA OR PROFITS; OR BUSINESS
    38                           ; INTERRUPTION) HOWSOEVER CAUSED AND ON ANY THEORY OF LIABILITY, WHETHER IN CONTRACT, ST
      +                          RICT
    39                           ; LIABILITY, OR TORT (INCLUDING NEGLIGENCE OR OTHERWISE) ARISING IN ANY WAY OUT OF THE U
      +                          SE OF
    40                           ; THIS SOFTWARE, EVEN IF ADVISED OF THE POSSIBILITY OF SUCH DAMAGE.
    41                           ; 
    42                           ; 
    43                           ; Code-generator required, PIC18F45K20 Definitions
    44                           ; 
    45                           ; SFR Addresses
    46  0000                     _TRISAbits	set	3986
    47  0000                     _ANSELbits	set	3966
    48  0000                     _LATA	set	3977
    49  0000                     _OSCTUNEbits	set	3995
    50  0000                     _OSCCONbits	set	4051
    51  0000                     _PORTAbits	set	3968
    52                           
    53                           ; #config settings
    54  0000                     
    55                           	psect	cinit
    56  007FD6                     __pcinit:
    57                           	opt stack 0
    58  007FD6                     start_initialization:
    59                           	opt stack 0
    60  007FD6                     __initialization:
    61                           	opt stack 0
    62  007FD6                     end_of_initialization:
    63                           	opt stack 0
    64  007FD6                     __end_of__initialization:
    65                           	opt stack 0
    66  007FD6  0100               	movlb	0
    67  007FD8  EFEE  F03F         	goto	_main	;jump to C main() function
    68                           
    69                           	psect	cstackCOMRAM
    70  000000                     __pcstackCOMRAM:
    71                           	opt stack 0
    72  000000                     
    73                           ; 1 bytes @ 0x0
    74 ;;
    75 ;;Main: autosize = 0, tempsize = 0, incstack = 0, save=0
    76 ;;
    77 ;; *************** function _main *****************
    78 ;; Defined at:
    79 ;;		line 44 in file "main.c"
    80 ;; Parameters:    Size  Location     Type
    81 ;;		None
    82 ;; Auto vars:     Size  Location     Type
    83 ;;		None
    84 ;; Return value:  Size  Location     Type
    85 ;;                  1    wreg      void 
    86 ;; Registers used:
    87 ;;		wreg, status,2, cstack
    88 ;; Tracked objects:
    89 ;;		On entry : 0/0
    90 ;;		On exit  : 0/0
    91 ;;		Unchanged: 0/0
    92 ;; Data sizes:     COMRAM   BANK0   BANK1   BANK2   BANK3   BANK4   BANK5
    93 ;;      Params:         0       0       0       0       0       0       0
    94 ;;      Locals:         0       0       0       0       0       0       0
    95 ;;      Temps:          0       0       0       0       0       0       0
    96 ;;      Totals:         0       0       0       0       0       0       0
    97 ;;Total ram usage:        0 bytes
    98 ;; Hardware stack levels required when called:    1
    99 ;; This function calls:
   100 ;;		_SetUp
   101 ;; This function is called by:
   102 ;;		Startup code after reset
   103 ;; This function uses a non-reentrant model
   104 ;;
   105                           
   106                           	psect	text0
   107  007FDC                     __ptext0:
   108                           	opt stack 0
   109  007FDC                     _main:
   110                           	opt stack 30
   111                           
   112                           ;main.c: 46: SetUp();
   113                           
   114                           ;incstack = 0
   115  007FDC  ECF6  F03F         	call	_SetUp	;wreg free
   116  007FE0                     
   117                           ;main.c: 49: {
   118                           ;main.c: 51: PORTAbits.RA1 = PORTAbits.RA0;
   119  007FE0  A080               	btfss	3968,0,c	;volatile
   120  007FE2  D002               	bra	u15
   121  007FE4  8280               	bsf	3968,1,c	;volatile
   122  007FE6  D001               	bra	u17
   123  007FE8                     u15:
   124  007FE8  9280               	bcf	3968,1,c	;volatile
   125  007FEA                     u17:
   126  007FEA  D7FA               	goto	l19
   127  007FEC                     __end_of_main:
   128                           	opt stack 0
   129                           
   130 ;; *************** function _SetUp *****************
   131 ;; Defined at:
   132 ;;		line 65 in file "main.c"
   133 ;; Parameters:    Size  Location     Type
   134 ;;		None
   135 ;; Auto vars:     Size  Location     Type
   136 ;;		None
   137 ;; Return value:  Size  Location     Type
   138 ;;                  1    wreg      void 
   139 ;; Registers used:
   140 ;;		wreg, status,2
   141 ;; Tracked objects:
   142 ;;		On entry : 0/0
   143 ;;		On exit  : 0/0
   144 ;;		Unchanged: 0/0
   145 ;; Data sizes:     COMRAM   BANK0   BANK1   BANK2   BANK3   BANK4   BANK5
   146 ;;      Params:         0       0       0       0       0       0       0
   147 ;;      Locals:         0       0       0       0       0       0       0
   148 ;;      Temps:          0       0       0       0       0       0       0
   149 ;;      Totals:         0       0       0       0       0       0       0
   150 ;;Total ram usage:        0 bytes
   151 ;; Hardware stack levels used:    1
   152 ;; This function calls:
   153 ;;		Nothing
   154 ;; This function is called by:
   155 ;;		_main
   156 ;; This function uses a non-reentrant model
   157 ;;
   158                           
   159                           	psect	text1
   160  007FEC                     __ptext1:
   161                           	opt stack 0
   162  007FEC                     _SetUp:
   163                           	opt stack 30
   164                           
   165                           ;main.c: 68: OSCCONbits.IRCF = 0b111;
   166                           
   167                           ;incstack = 0
   168  007FEC  88D3               	bsf	4051,4,c	;volatile
   169  007FEE  8AD3               	bsf	4051,5,c	;volatile
   170  007FF0  8CD3               	bsf	4051,6,c	;volatile
   171                           
   172                           ;main.c: 69: OSCTUNEbits.PLLEN = 1;
   173  007FF2  8C9B               	bsf	3995,6,c	;volatile
   174                           
   175                           ;main.c: 72: LATA = 0;
   176  007FF4  0E00               	movlw	0
   177  007FF6  6E89               	movwf	3977,c	;volatile
   178                           
   179                           ;main.c: 79: ANSELbits.ANS0 = 0;
   180  007FF8  907E               	bcf	3966,0,c	;volatile
   181                           
   182                           ;main.c: 82: TRISAbits.TRISA0 = 1;
   183  007FFA  8092               	bsf	3986,0,c	;volatile
   184                           
   185                           ;main.c: 83: TRISAbits.TRISA1 = 0;
   186  007FFC  9292               	bcf	3986,1,c	;volatile
   187  007FFE  0012               	return	
   188  008000                     __end_of_SetUp:
   189                           	opt stack 0
   190  0000                     
   191                           	psect	rparam


Data Sizes:
    Strings     0
    Constant    0
    Data        0
    BSS         0
    Persistent  0
    Stack       0

Auto Spaces:
    Space          Size  Autos    Used
    COMRAM           95      0       0
    BANK0           160      0       0
    BANK1           256      0       0
    BANK2           256      0       0
    BANK3           256      0       0
    BANK4           256      0       0
    BANK5           256      0       0

Pointer List with Targets:

    None.

Critical Paths under _main in COMRAM

    None.

Critical Paths under _main in BANK0

    None.

Critical Paths under _main in BANK1

    None.

Critical Paths under _main in BANK2

    None.

Critical Paths under _main in BANK3

    None.

Critical Paths under _main in BANK4

    None.

Critical Paths under _main in BANK5

    None.

Call Graph Tables:

 ---------------------------------------------------------------------------------
 (Depth) Function   	        Calls       Base Space   Used Autos Params    Refs
 ---------------------------------------------------------------------------------
 (0) _main                                                 0     0      0       0
                              _SetUp
 ---------------------------------------------------------------------------------
 (1) _SetUp                                                0     0      0       0
 ---------------------------------------------------------------------------------
 Estimated maximum stack depth 1
 ---------------------------------------------------------------------------------

 Call Graph Graphs:

 _main (ROOT)
   _SetUp

 Address spaces:
Name               Size   Autos  Total    Cost      Usage
BITCOMRAM           5F      0       0       0        0.0%
EEDATA             100      0       0       0        0.0%
NULL                 0      0       0       0        0.0%
CODE                 0      0       0       0        0.0%
COMRAM              5F      0       0       1        0.0%
STACK                0      0       0       2        0.0%
DATA                 0      0       0       3        0.0%
BITBANK0            A0      0       0       4        0.0%
BANK0               A0      0       0       5        0.0%
BITBANK1           100      0       0       6        0.0%
BANK1              100      0       0       7        0.0%
BITBANK2           100      0       0       8        0.0%
BANK2              100      0       0       9        0.0%
BITBANK3           100      0       0      10        0.0%
BANK3              100      0       0      11        0.0%
BITBANK4           100      0       0      12        0.0%
BANK4              100      0       0      13        0.0%
BANK5              100      0       0      14        0.0%
ABS                  0      0       0      15        0.0%
BITBANK5           100      0       0      16        0.0%
BIGRAM             5FF      0       0      17        0.0%
BITSFR               0      0       0     200        0.0%
SFR                  0      0       0     200        0.0%


Microchip Technology PIC18 Macro Assembler V1.45 build -152302408 
Symbol Table                                                                                   Mon Apr 09 10:50:34 2018

                     l19 7FE0                       u15 7FE8                       u17 7FEA  
           __CFG_CP0$OFF 000000             __CFG_CP1$OFF 000000             __CFG_CP2$OFF 000000  
           __CFG_CP3$OFF 000000             __CFG_CPB$OFF 000000             __CFG_CPD$OFF 000000  
           __CFG_BORV$18 000000             __CFG_LVP$OFF 000000                     _LATA 000F89  
           __CFG_PWRT$ON 000000                     _main 7FDC                     start 0000  
          __CFG_IESO$OFF 000000            __CFG_MCLRE$ON 000000             ___param_bank 000000  
                  ?_main 0000            __CFG_WRT0$OFF 000000            __CFG_WRT1$OFF 000000  
          __CFG_WRT2$OFF 000000            __CFG_WRT3$OFF 000000           __CFG_EBTR0$OFF 000000  
         __CFG_FCMEN$OFF 000000           __CFG_EBTR1$OFF 000000           __CFG_EBTR2$OFF 000000  
                  _SetUp 7FEC           __CFG_EBTR3$OFF 000000            __CFG_WRTB$OFF 000000  
          __CFG_WRTC$OFF 000000            __CFG_WRTD$OFF 000000           __CFG_EBTRB$OFF 000000  
         __CFG_HFOFST$ON 000000          __initialization 7FD6             __end_of_main 7FEC  
                 ??_main 0000            __activetblptr 000000                   ?_SetUp 0000  
         __CFG_WDTEN$OFF 000000           __CFG_XINST$OFF 000000           __CFG_STVREN$ON 000000  
             __accesstop 0060  __end_of__initialization 7FD6          __CFG_PBADEN$OFF 000000  
          ___rparam_used 000001           __pcstackCOMRAM 0000            __end_of_SetUp 8000  
                ??_SetUp 0000                  __Hparam 0000                  __Lparam 0000  
                __pcinit 7FD6                _ANSELbits 000F7E                  __ramtop 0600  
                __ptext0 7FDC                  __ptext1 7FEC     end_of_initialization 7FD6  
              _PORTAbits 000F80                _TRISAbits 000F92      start_initialization 7FD6  
       __CFG_LPT1OSC$OFF 000000        __CFG_CCP2MX$PORTC 000000           __size_of_SetUp 0014  
       __CFG_WDTPS$32768 000000                 __Hrparam 0000                 __Lrparam 0000  
     __CFG_BOREN$SBORDIS 000000            __size_of_main 0010              _OSCTUNEbits 000F9B  
             _OSCCONbits 000FD3        __CFG_FOSC$INTIO67 000000  
