

Microchip Technology PIC18 LITE Macro Assembler V1.42 build -159332390 
                                                                                               Wed May 17 11:41:53 2017

Microchip Technology Omniscient Code Generator v1.42 (Free mode) build 201704130522
     1                           	processor	18F4550
     2                           	fnconf	rparam,??,?,0
     3                           	opt	pw 120
     4                           	opt	lm
     5                           	psect	idataCOMRAM,global,class=CODE,delta=1,noexec
     6                           	psect	cinit,global,reloc=2,class=CODE,delta=1
     7                           	psect	dataCOMRAM,global,class=COMRAM,space=1,delta=1,noexec
     8                           	psect	cstackCOMRAM,global,class=COMRAM,space=1,delta=1,noexec
     9                           	psect	text0,global,reloc=2,class=CODE,delta=1
    10                           	psect	text1,global,reloc=2,class=CODE,delta=1
    11                           	psect	text2,global,reloc=2,class=CODE,delta=1
    12                           	psect	intsave_regs,global,class=BIGRAM,space=1,delta=1,noexec
    13                           	psect	rparam,global,class=COMRAM,space=1,delta=1,noexec
    14  0000                     
    15                           ; Version 1.42
    16                           ; Generated 13/04/2017 GMT
    17                           ; 
    18                           ; Copyright © 2017, Microchip Technology Inc. and its subsidiaries ("Microchip")
    19                           ; All rights reserved.
    20                           ; 
    21                           ; This software is developed by Microchip Technology Inc. and its subsidiaries ("Microch
      +                          ip").
    22                           ; 
    23                           ; Redistribution and use in source and binary forms, with or without modification, are
    24                           ; permitted provided that the following conditions are met:
    25                           ; 
    26                           ;     1. Redistributions of source code must retain the above copyright notice, this lis
      +                          t of
    27                           ;        conditions and the following disclaimer.
    28                           ; 
    29                           ;     2. Redistributions in binary form must reproduce the above copyright notice, this 
      +                          list
    30                           ;        of conditions and the following disclaimer in the documentation and/or other
    31                           ;        materials provided with the distribution.
    32                           ; 
    33                           ;     3. Microchip's name may not be used to endorse or promote products derived from th
      +                          is
    34                           ;        software without specific prior written permission.
    35                           ; 
    36                           ; THIS SOFTWARE IS PROVIDED BY MICROCHIP "AS IS" AND ANY EXPRESS OR IMPLIED WARRANTIES,
    37                           ; INCLUDING, BUT NOT LIMITED TO, THE IMPLIED WARRANTIES OF MERCHANTABILITY AND FITNESS F
      +                          OR
    38                           ; PURPOSE ARE DISCLAIMED.  IN NO EVENT SHALL MICROCHIP BE LIABLE FOR ANY DIRECT, INDIREC
      +                          T,
    39                           ; INCIDENTAL, SPECIAL, EXEMPLARY, OR CONSEQUENTIAL DAMAGES (INCLUDING BUT NOT LIMITED TO
    40                           ; PROCUREMENT OF SUBSTITUTE GOODS OR SERVICES; LOSS OF USE, DATA OR PROFITS; OR BUSINESS
    41                           ; INTERRUPTION) HOWSOEVER CAUSED AND ON ANY THEORY OF LIABILITY, WHETHER IN CONTRACT, ST
      +                          RICT
    42                           ; LIABILITY, OR TORT (INCLUDING NEGLIGENCE OR OTHERWISE) ARISING IN ANY WAY OUT OF THE U
      +                          SE OF
    43                           ; THIS SOFTWARE, EVEN IF ADVISED OF THE POSSIBILITY OF SUCH DAMAGE.
    44                           ; 
    45                           ; 
    46                           ; Code-generator required, PIC18F4550 Definitions
    47                           ; 
    48                           ; SFR Addresses
    49  0000                     
    50                           	psect	idataCOMRAM
    51  007F3E                     __pidataCOMRAM:
    52                           	opt stack 0
    53                           
    54                           ;initializer for _Disp7SegCC
    55  007F3E  3F                 	db	63
    56  007F3F  06                 	db	6
    57  007F40  5B                 	db	91
    58  007F41  4F                 	db	79
    59  007F42  66                 	db	102
    60  007F43  6D                 	db	109
    61  007F44  7D                 	db	125
    62  007F45  07                 	db	7
    63  007F46  7F                 	db	127
    64  007F47  6F                 	db	111
    65  0000                     _TRISD	set	3989
    66  0000                     _TRISBbits	set	3987
    67  0000                     _ADCON1bits	set	4033
    68  0000                     _OSCCONbits	set	4051
    69  0000                     _PORTBbits	set	3969
    70  0000                     _PORTD	set	3971
    71                           
    72                           ; #config settings
    73  0000                     
    74                           	psect	cinit
    75  007F5E                     __pcinit:
    76                           	opt stack 0
    77  007F5E                     start_initialization:
    78                           	opt stack 0
    79  007F5E                     __initialization:
    80                           	opt stack 0
    81                           
    82                           ; Initialize objects allocated to COMRAM (10 bytes)
    83                           ; load TBLPTR registers with __pidataCOMRAM
    84  007F5E  0E3E               	movlw	low __pidataCOMRAM
    85  007F60  6EF6               	movwf	tblptrl,c
    86  007F62  0E7F               	movlw	high __pidataCOMRAM
    87  007F64  6EF7               	movwf	tblptrh,c
    88  007F66  0E00               	movlw	low (__pidataCOMRAM shr (0+16))
    89  007F68  6EF8               	movwf	tblptru,c
    90  007F6A  EE00  F001         	lfsr	0,__pdataCOMRAM
    91  007F6E  EE10 F00A          	lfsr	1,10
    92  007F72                     copy_data0:
    93  007F72  0009               	tblrd		*+
    94  007F74  CFF5 FFEE          	movff	tablat,postinc0
    95  007F78  50E5               	movf	postdec1,w,c
    96  007F7A  50E1               	movf	fsr1l,w,c
    97  007F7C  E1FA               	bnz	copy_data0
    98  007F7E                     end_of_initialization:
    99                           	opt stack 0
   100  007F7E                     __end_of__initialization:
   101                           	opt stack 0
   102  007F7E  0100               	movlb	0
   103  007F80  EFDB  F03F         	goto	_main	;jump to C main() function
   104                           tblptru	equ	0xFF8
   105                           tblptrh	equ	0xFF7
   106                           tblptrl	equ	0xFF6
   107                           tablat	equ	0xFF5
   108                           postinc0	equ	0xFEE
   109                           postdec1	equ	0xFE5
   110                           fsr1l	equ	0xFE1
   111                           
   112                           	psect	dataCOMRAM
   113  000001                     __pdataCOMRAM:
   114                           	opt stack 0
   115  000001                     _Disp7SegCC:
   116                           	opt stack 0
   117  000001                     	ds	10
   118                           tblptru	equ	0xFF8
   119                           tblptrh	equ	0xFF7
   120                           tblptrl	equ	0xFF6
   121                           tablat	equ	0xFF5
   122                           postinc0	equ	0xFEE
   123                           postdec1	equ	0xFE5
   124                           fsr1l	equ	0xFE1
   125                           
   126                           	psect	cstackCOMRAM
   127  00000B                     __pcstackCOMRAM:
   128                           	opt stack 0
   129  00000B                     delayms@ms:
   130                           	opt stack 0
   131                           
   132                           ; 2 bytes @ 0x0
   133  00000B                     	ds	2
   134  00000D                     ??_delayms:
   135                           
   136                           ; 1 bytes @ 0x2
   137  00000D                     	ds	1
   138  00000E                     delayms@n:
   139                           	opt stack 0
   140                           
   141                           ; 2 bytes @ 0x3
   142  00000E                     	ds	2
   143  000010                     main@aux:
   144                           	opt stack 0
   145                           
   146                           ; 1 bytes @ 0x5
   147  000010                     	ds	1
   148                           tblptru	equ	0xFF8
   149                           tblptrh	equ	0xFF7
   150                           tblptrl	equ	0xFF6
   151                           tablat	equ	0xFF5
   152                           postinc0	equ	0xFEE
   153                           postdec1	equ	0xFE5
   154                           fsr1l	equ	0xFE1
   155                           
   156 ;;
   157 ;;Main: autosize = 0, tempsize = 0, incstack = 0, save=0
   158 ;;
   159 ;; *************** function _main *****************
   160 ;; Defined at:
   161 ;;		line 35 in file "main.c"
   162 ;; Parameters:    Size  Location     Type
   163 ;;		None
   164 ;; Auto vars:     Size  Location     Type
   165 ;;  aux             1    5[COMRAM] unsigned char 
   166 ;; Return value:  Size  Location     Type
   167 ;;                  1    wreg      void 
   168 ;; Registers used:
   169 ;;		wreg, fsr2l, fsr2h, status,2, status,0, prodl, prodh, cstack
   170 ;; Tracked objects:
   171 ;;		On entry : 0/0
   172 ;;		On exit  : 0/0
   173 ;;		Unchanged: 0/0
   174 ;; Data sizes:     COMRAM   BANK0   BANK1   BANK2   BANK3   BANK4   BANK5   BANK6   BANK7
   175 ;;      Params:         0       0       0       0       0       0       0       0       0
   176 ;;      Locals:         1       0       0       0       0       0       0       0       0
   177 ;;      Temps:          0       0       0       0       0       0       0       0       0
   178 ;;      Totals:         1       0       0       0       0       0       0       0       0
   179 ;;Total ram usage:        1 bytes
   180 ;; Hardware stack levels required when called:    1
   181 ;; This function calls:
   182 ;;		_SetUp
   183 ;;		_delayms
   184 ;; This function is called by:
   185 ;;		Startup code after reset
   186 ;; This function uses a non-reentrant model
   187 ;;
   188                           
   189                           	psect	text0
   190  007FB6                     __ptext0:
   191                           	opt stack 0
   192  007FB6                     _main:
   193                           	opt stack 30
   194                           
   195                           ;main.c: 37: char aux = 0;
   196                           
   197                           ;incstack = 0
   198  007FB6  0E00               	movlw	0
   199  007FB8  6E10               	movwf	main@aux,c
   200                           
   201                           ;main.c: 38: SetUp();
   202  007FBA  ECA4  F03F         	call	_SetUp	;wreg free
   203  007FBE                     l708:
   204                           
   205                           ;main.c: 41: {
   206                           ;main.c: 42: PORTD = Disp7SegCC[aux];
   207  007FBE  5010               	movf	main@aux,w,c
   208  007FC0  0D01               	mullw	1
   209  007FC2  0E01               	movlw	low _Disp7SegCC
   210  007FC4  24F3               	addwf	prodl,w,c
   211  007FC6  6ED9               	movwf	fsr2l,c
   212  007FC8  0E00               	movlw	high _Disp7SegCC
   213  007FCA  20F4               	addwfc	prodh,w,c
   214  007FCC  6EDA               	movwf	fsr2h,c
   215  007FCE  50DF               	movf	indf2,w,c
   216  007FD0  6E83               	movwf	3971,c	;volatile
   217                           
   218                           ;main.c: 43: delayms(1000);
   219  007FD2  0E03               	movlw	3
   220  007FD4  6E0C               	movwf	delayms@ms+1,c
   221  007FD6  0EE8               	movlw	232
   222  007FD8  6E0B               	movwf	delayms@ms,c
   223  007FDA  ECC2  F03F         	call	_delayms	;wreg free
   224                           
   225                           ;main.c: 44: if(PORTBbits.RB0 == 1)
   226  007FDE  A081               	btfss	3969,0,c	;volatile
   227  007FE0  D007               	goto	l718
   228                           
   229                           ;main.c: 45: {
   230                           ;main.c: 46: aux = aux + 1;
   231  007FE2  2810               	incf	main@aux,w,c
   232  007FE4  6E10               	movwf	main@aux,c
   233                           
   234                           ;main.c: 47: if(aux > 9)
   235  007FE6  0E09               	movlw	9
   236  007FE8  6410               	cpfsgt	main@aux,c
   237  007FEA  D7E9               	goto	l708
   238                           
   239                           ;main.c: 48: aux = 0;
   240  007FEC  0E00               	movlw	0
   241  007FEE  D006               	goto	L2
   242  007FF0                     l718:
   243                           
   244                           ;main.c: 50: else if(aux == 0)
   245  007FF0  5010               	movf	main@aux,w,c
   246  007FF2  A4D8               	btfss	status,2,c
   247  007FF4  D002               	goto	l722
   248                           
   249                           ;main.c: 51: {
   250                           ;main.c: 52: aux = 9;
   251  007FF6  0E09               	movlw	9
   252  007FF8  D001               	goto	L2
   253  007FFA                     l722:
   254                           
   255                           ;main.c: 54: else
   256                           ;main.c: 55: {
   257                           ;main.c: 56: aux = aux - 1;
   258  007FFA  0410               	decf	main@aux,w,c
   259  007FFC                     L2:
   260  007FFC  6E10               	movwf	main@aux,c
   261  007FFE  D7DF               	goto	l708
   262  008000                     __end_of_main:
   263                           	opt stack 0
   264                           tblptru	equ	0xFF8
   265                           tblptrh	equ	0xFF7
   266                           tblptrl	equ	0xFF6
   267                           tablat	equ	0xFF5
   268                           prodh	equ	0xFF4
   269                           prodl	equ	0xFF3
   270                           postinc0	equ	0xFEE
   271                           postdec1	equ	0xFE5
   272                           fsr1l	equ	0xFE1
   273                           indf2	equ	0xFDF
   274                           fsr2h	equ	0xFDA
   275                           fsr2l	equ	0xFD9
   276                           status	equ	0xFD8
   277                           
   278 ;; *************** function _delayms *****************
   279 ;; Defined at:
   280 ;;		line 73 in file "main.c"
   281 ;; Parameters:    Size  Location     Type
   282 ;;  ms              2    0[COMRAM] int 
   283 ;; Auto vars:     Size  Location     Type
   284 ;;  n               2    3[COMRAM] int 
   285 ;; Return value:  Size  Location     Type
   286 ;;                  1    wreg      void 
   287 ;; Registers used:
   288 ;;		wreg, status,2, status,0
   289 ;; Tracked objects:
   290 ;;		On entry : 0/0
   291 ;;		On exit  : 0/0
   292 ;;		Unchanged: 0/0
   293 ;; Data sizes:     COMRAM   BANK0   BANK1   BANK2   BANK3   BANK4   BANK5   BANK6   BANK7
   294 ;;      Params:         2       0       0       0       0       0       0       0       0
   295 ;;      Locals:         2       0       0       0       0       0       0       0       0
   296 ;;      Temps:          1       0       0       0       0       0       0       0       0
   297 ;;      Totals:         5       0       0       0       0       0       0       0       0
   298 ;;Total ram usage:        5 bytes
   299 ;; Hardware stack levels used:    1
   300 ;; This function calls:
   301 ;;		Nothing
   302 ;; This function is called by:
   303 ;;		_main
   304 ;; This function uses a non-reentrant model
   305 ;;
   306                           
   307                           	psect	text1
   308  007F84                     __ptext1:
   309                           	opt stack 0
   310  007F84                     _delayms:
   311                           	opt stack 30
   312                           
   313                           ;main.c: 75: for(int n = 0; n < ms; n++)
   314                           
   315                           ;incstack = 0
   316  007F84  0E00               	movlw	0
   317  007F86  6E0F               	movwf	delayms@n+1,c
   318  007F88  0E00               	movlw	0
   319  007F8A  6E0E               	movwf	delayms@n,c
   320  007F8C  D009               	goto	l39
   321  007F8E                     l700:
   322                           
   323                           ;main.c: 76: {
   324                           ;main.c: 77: _delay((unsigned long)((1)*(8000000/4000.0)));
   325  007F8E  0E03               	movlw	3
   326  007F90  6E0D               	movwf	??_delayms& (0+255),c
   327  007F92  0E98               	movlw	152
   328  007F94                     u97:
   329  007F94  2EE8               	decfsz	wreg,f,c
   330  007F96  D7FE               	bra	u97
   331  007F98  2E0D               	decfsz	??_delayms& (0+255),f,c
   332  007F9A  D7FC               	bra	u97
   333  007F9C  4A0E               	infsnz	delayms@n,f,c
   334  007F9E  2A0F               	incf	delayms@n+1,f,c
   335  007FA0                     l39:
   336  007FA0  500B               	movf	delayms@ms,w,c
   337  007FA2  5C0E               	subwf	delayms@n,w,c
   338  007FA4  500F               	movf	delayms@n+1,w,c
   339  007FA6  0A80               	xorlw	128
   340  007FA8  6E0D               	movwf	??_delayms& (0+255),c
   341  007FAA  500C               	movf	delayms@ms+1,w,c
   342  007FAC  0A80               	xorlw	128
   343  007FAE  580D               	subwfb	??_delayms& (0+255),w,c
   344  007FB0  B0D8               	btfsc	status,0,c
   345  007FB2  0012               	return	
   346  007FB4  D7EC               	goto	l700
   347  007FB6                     __end_of_delayms:
   348                           	opt stack 0
   349                           tblptru	equ	0xFF8
   350                           tblptrh	equ	0xFF7
   351                           tblptrl	equ	0xFF6
   352                           tablat	equ	0xFF5
   353                           prodh	equ	0xFF4
   354                           prodl	equ	0xFF3
   355                           postinc0	equ	0xFEE
   356                           wreg	equ	0xFE8
   357                           postdec1	equ	0xFE5
   358                           fsr1l	equ	0xFE1
   359                           indf2	equ	0xFDF
   360                           fsr2h	equ	0xFDA
   361                           fsr2l	equ	0xFD9
   362                           status	equ	0xFD8
   363                           
   364 ;; *************** function _SetUp *****************
   365 ;; Defined at:
   366 ;;		line 62 in file "main.c"
   367 ;; Parameters:    Size  Location     Type
   368 ;;		None
   369 ;; Auto vars:     Size  Location     Type
   370 ;;		None
   371 ;; Return value:  Size  Location     Type
   372 ;;                  1    wreg      void 
   373 ;; Registers used:
   374 ;;		wreg, status,2
   375 ;; Tracked objects:
   376 ;;		On entry : 0/0
   377 ;;		On exit  : 0/0
   378 ;;		Unchanged: 0/0
   379 ;; Data sizes:     COMRAM   BANK0   BANK1   BANK2   BANK3   BANK4   BANK5   BANK6   BANK7
   380 ;;      Params:         0       0       0       0       0       0       0       0       0
   381 ;;      Locals:         0       0       0       0       0       0       0       0       0
   382 ;;      Temps:          0       0       0       0       0       0       0       0       0
   383 ;;      Totals:         0       0       0       0       0       0       0       0       0
   384 ;;Total ram usage:        0 bytes
   385 ;; Hardware stack levels used:    1
   386 ;; This function calls:
   387 ;;		Nothing
   388 ;; This function is called by:
   389 ;;		_main
   390 ;; This function uses a non-reentrant model
   391 ;;
   392                           
   393                           	psect	text2
   394  007F48                     __ptext2:
   395                           	opt stack 0
   396  007F48                     _SetUp:
   397                           	opt stack 30
   398                           
   399                           ;main.c: 65: OSCCONbits.IRCF = 0b111;
   400                           
   401                           ;incstack = 0
   402  007F48  88D3               	bsf	4051,4,c	;volatile
   403  007F4A  8AD3               	bsf	4051,5,c	;volatile
   404  007F4C  8CD3               	bsf	4051,6,c	;volatile
   405                           
   406                           ;main.c: 67: ADCON1bits.PCFG = 0b1111;
   407  007F4E  80C1               	bsf	4033,0,c	;volatile
   408  007F50  82C1               	bsf	4033,1,c	;volatile
   409  007F52  84C1               	bsf	4033,2,c	;volatile
   410  007F54  86C1               	bsf	4033,3,c	;volatile
   411                           
   412                           ;main.c: 68: TRISBbits.TRISB0 = 1;
   413  007F56  8093               	bsf	3987,0,c	;volatile
   414                           
   415                           ;main.c: 69: TRISD = 0x00;
   416  007F58  0E00               	movlw	0
   417  007F5A  6E95               	movwf	3989,c	;volatile
   418  007F5C  0012               	return		;funcret
   419  007F5E                     __end_of_SetUp:
   420                           	opt stack 0
   421  0000                     tblptru	equ	0xFF8
   422                           tblptrh	equ	0xFF7
   423                           tblptrl	equ	0xFF6
   424                           tablat	equ	0xFF5
   425                           prodh	equ	0xFF4
   426                           prodl	equ	0xFF3
   427                           postinc0	equ	0xFEE
   428                           wreg	equ	0xFE8
   429                           postdec1	equ	0xFE5
   430                           fsr1l	equ	0xFE1
   431                           indf2	equ	0xFDF
   432                           fsr2h	equ	0xFDA
   433                           fsr2l	equ	0xFD9
   434                           status	equ	0xFD8
   435                           tblptru	equ	0xFF8
   436                           tblptrh	equ	0xFF7
   437                           tblptrl	equ	0xFF6
   438                           tablat	equ	0xFF5
   439                           prodh	equ	0xFF4
   440                           prodl	equ	0xFF3
   441                           postinc0	equ	0xFEE
   442                           wreg	equ	0xFE8
   443                           postdec1	equ	0xFE5
   444                           fsr1l	equ	0xFE1
   445                           indf2	equ	0xFDF
   446                           fsr2h	equ	0xFDA
   447                           fsr2l	equ	0xFD9
   448                           status	equ	0xFD8
   449                           
   450                           	psect	rparam
   451  0000                     tblptru	equ	0xFF8
   452                           tblptrh	equ	0xFF7
   453                           tblptrl	equ	0xFF6
   454                           tablat	equ	0xFF5
   455                           prodh	equ	0xFF4
   456                           prodl	equ	0xFF3
   457                           postinc0	equ	0xFEE
   458                           wreg	equ	0xFE8
   459                           postdec1	equ	0xFE5
   460                           fsr1l	equ	0xFE1
   461                           indf2	equ	0xFDF
   462                           fsr2h	equ	0xFDA
   463                           fsr2l	equ	0xFD9
   464                           status	equ	0xFD8


Data Sizes:
    Strings     0
    Constant    0
    Data        10
    BSS         0
    Persistent  0
    Stack       0

Auto Spaces:
    Space          Size  Autos    Used
    COMRAM           95      6      16
    BANK0           160      0       0
    BANK1           256      0       0
    BANK2           256      0       0
    BANK3           256      0       0
    BANK4           256      0       0
    BANK5           256      0       0
    BANK6           256      0       0
    BANK7           256      0       0

Pointer List with Targets:

    None.

Critical Paths under _main in COMRAM

    _main->_delayms

Critical Paths under _main in BANK0

    None.

Critical Paths under _main in BANK1

    None.

Critical Paths under _main in BANK2

    None.

Critical Paths under _main in BANK3

    None.

Critical Paths under _main in BANK4

    None.

Critical Paths under _main in BANK5

    None.

Critical Paths under _main in BANK6

    None.

Critical Paths under _main in BANK7

    None.

Call Graph Tables:

 ---------------------------------------------------------------------------------
 (Depth) Function   	        Calls       Base Space   Used Autos Params    Refs
 ---------------------------------------------------------------------------------
 (0) _main                                                 1     1      0     237
                                              5 COMRAM     1     1      0
                              _SetUp
                            _delayms
 ---------------------------------------------------------------------------------
 (1) _delayms                                              5     3      2     122
                                              0 COMRAM     5     3      2
 ---------------------------------------------------------------------------------
 (1) _SetUp                                                0     0      0       0
 ---------------------------------------------------------------------------------
 Estimated maximum stack depth 1
 ---------------------------------------------------------------------------------

 Call Graph Graphs:

 _main (ROOT)
   _SetUp
   _delayms

 Address spaces:
Name               Size   Autos  Total    Cost      Usage
BIGRAM             7FF      0       0      21        0.0%
EEDATA             100      0       0       0        0.0%
BITBANK7           100      0       0      18        0.0%
BANK7              100      0       0      19        0.0%
BITBANK6           100      0       0      16        0.0%
BANK6              100      0       0      17        0.0%
BITBANK5           100      0       0      14        0.0%
BANK5              100      0       0      15        0.0%
BITBANK4           100      0       0      12        0.0%
BANK4              100      0       0      13        0.0%
BITBANK3           100      0       0      10        0.0%
BANK3              100      0       0      11        0.0%
BITBANK2           100      0       0       8        0.0%
BANK2              100      0       0       9        0.0%
BITBANK1           100      0       0       6        0.0%
BANK1              100      0       0       7        0.0%
BITBANK0            A0      0       0       4        0.0%
BANK0               A0      0       0       5        0.0%
BITCOMRAM           5F      0       0       0        0.0%
COMRAM              5F      6      10       1       16.8%
BITSFR               0      0       0     200        0.0%
SFR                  0      0       0     200        0.0%
STACK                0      0       0       2        0.0%
NULL                 0      0       0       0        0.0%
ABS                  0      0      10      20        0.0%
DATA                 0      0      10       3        0.0%
CODE                 0      0       0       0        0.0%


Microchip Technology PIC18 Macro Assembler V1.42 build -159332390 
Symbol Table                                                                                   Wed May 17 11:41:53 2017

                     l39 7FA0                       u97 7F94              __CFG_BOR$ON 000000  
            __CFG_BORV$3 000000             __CFG_CP0$OFF 000000             __CFG_CP1$OFF 000000  
           __CFG_CP2$OFF 000000             __CFG_CP3$OFF 000000              __CFG_LVP$ON 000000  
                    l700 7F8E                      l722 7FFA                      l708 7FBE  
                    l718 7FF0             __CFG_CPB$OFF 000000             __CFG_CPD$OFF 000000  
                    prod 000FF3                      wreg 000FE8             __CFG_WDT$OFF 000000  
           __CFG_PWRT$ON 000000                     _main 7FB6                     indf2 000FDF  
                   fsr1l 000FE1                     fsr2l 000FD9                     prodl 000FF3  
                   start 0000            __CFG_IESO$OFF 000000               _Disp7SegCC 0001  
          __CFG_MCLRE$ON 000000             ___param_bank 000000            __CFG_PLLDIV$1 000000  
         __CFG_CCP2MX$ON 000000                    ?_main 000B                    _PORTD 000F83  
          __CFG_USBDIV$1 000000                    _TRISD 000F95            __CFG_WRT0$OFF 000000  
        __end_of_delayms 7FB6            __CFG_WRT1$OFF 000000            __CFG_WRT2$OFF 000000  
          __CFG_WRT3$OFF 000000           __CFG_EBTR0$OFF 000000           __CFG_FCMEN$OFF 000000  
         __CFG_EBTR1$OFF 000000           __CFG_EBTR2$OFF 000000                    _SetUp 7F48  
         __CFG_EBTR3$OFF 000000            __CFG_WRTB$OFF 000000            __CFG_WRTC$OFF 000000  
          __CFG_WRTD$OFF 000000           __CFG_EBTRB$OFF 000000                    tablat 000FF5  
                  status 000FD8           __CFG_ICPRT$OFF 000000          __initialization 7F5E  
           __end_of_main 8000                   ??_main 0010            __activetblptr 000000  
                 ?_SetUp 000B           __CFG_XINST$OFF 000000           __CFG_STVREN$ON 000000  
              ??_delayms 000D             __pdataCOMRAM 0001                   tblptrh 000FF7  
                 tblptrl 000FF6                   tblptru 000FF8               __accesstop 0060  
__end_of__initialization 7F7E          __CFG_PBADEN$OFF 000000            ___rparam_used 000001  
         __pcstackCOMRAM 000B            __end_of_SetUp 7F5E                  ??_SetUp 000B  
        __CFG_VREGEN$OFF 000000                  __Hparam 0000                  __Lparam 0000  
                __pcinit 7F5E                  __ramtop 0800                  _delayms 7F84  
                __ptext0 7FB6                  __ptext1 7F84                  __ptext2 7F48  
                main@aux 0010     end_of_initialization 7F7E                  postdec1 000FE5  
                postinc0 000FEE                _PORTBbits 000F81                _TRISBbits 000F93  
          __pidataCOMRAM 7F3E      start_initialization 7F5E         __CFG_LPT1OSC$OFF 000000  
               ?_delayms 000B           __size_of_SetUp 0016                delayms@ms 000B  
       __CFG_WDTPS$32768 000000               _ADCON1bits 000FC1                copy_data0 7F72  
               __Hrparam 0000                 __Lrparam 0000         __size_of_delayms 0032  
          __size_of_main 004A                 delayms@n 000E    __CFG_CPUDIV$OSC1_PLL2 000000  
             _OSCCONbits 000FD3      __CFG_FOSC$INTOSC_EC 000000  
